<?xml version="1.0" encoding="UTF-8"?>
<robot generator="Robot 3.2.2 (Python 3.10.0 on win32)" generated="20211217 01:26:55.902" rpa="false">
<suite id="s1" name="ERP-002" source="C:\Users\CL WORK\eclipse-workspace\ERP-002">
<suite id="s1-s1" name="ERP Employee" source="C:\Users\CL WORK\eclipse-workspace\ERP-002\ERP_Employee">
<suite id="s1-s1-s1" name="ERP Employee" source="C:\Users\CL WORK\eclipse-workspace\ERP-002\ERP_Employee\ERP_Employee.robot">
<test id="s1-s1-s1-t1" name="Verify If User Can Access Employee/System Function">
<kw name="Login To ERP" library="ERP_Global_Keywords">
<arguments>
<arg>${user1}</arg>
<arg>${user1pw}</arg>
</arguments>
<kw name="Open Browser" library="SeleniumLibrary">
<doc>Opens a new browser instance to the optional ``url``.</doc>
<arguments>
<arg>${url}</arg>
<arg>${browser}</arg>
</arguments>
<msg timestamp="20211217 01:26:56.448" level="INFO">Opening browser 'Chrome' to base url 'http://hq2.canadacomputers.com:39090/Home/Login?reLogin=true'.</msg>
<status status="PASS" starttime="20211217 01:26:56.448" endtime="20211217 01:27:00.316"></status>
</kw>
<kw name="Wait Until Element Is Visible" library="SeleniumLibrary">
<doc>Waits until the element ``locator`` is visible.</doc>
<arguments>
<arg>${ERP_LoginBtn}</arg>
<arg>5</arg>
</arguments>
<status status="PASS" starttime="20211217 01:27:00.317" endtime="20211217 01:27:00.337"></status>
</kw>
<kw name="Input Text" library="SeleniumLibrary">
<doc>Types the given ``text`` into the text field identified by ``locator``.</doc>
<arguments>
<arg>${ERP_Username}</arg>
<arg>${username}</arg>
</arguments>
<msg timestamp="20211217 01:27:00.337" level="INFO">Typing text 'Test.Store.user01' into text field '//*[@id="txtUsername"]'.</msg>
<status status="PASS" starttime="20211217 01:27:00.337" endtime="20211217 01:27:00.381"></status>
</kw>
<kw name="Input Password" library="SeleniumLibrary">
<doc>Types the given password into the text field identified by ``locator``.</doc>
<arguments>
<arg>${ERP_Password}</arg>
<arg>${password}</arg>
</arguments>
<msg timestamp="20211217 01:27:00.382" level="INFO">Typing password into text field '//*[@id="txtPassword"]'.</msg>
<msg timestamp="20211217 01:27:00.405" level="INFO">Temporally setting log level to: NONE</msg>
<msg timestamp="20211217 01:27:00.430" level="INFO">Log level changed from NONE to INFO.</msg>
<status status="PASS" starttime="20211217 01:27:00.382" endtime="20211217 01:27:00.430"></status>
</kw>
<kw name="Click Button" library="SeleniumLibrary">
<doc>Clicks the button identified by ``locator``.</doc>
<arguments>
<arg>${ERP_LoginBtn}</arg>
</arguments>
<msg timestamp="20211217 01:27:00.431" level="INFO">Clicking button '//*[@id="btnLogin"]'.</msg>
<status status="PASS" starttime="20211217 01:27:00.431" endtime="20211217 01:27:00.459"></status>
</kw>
<status status="PASS" starttime="20211217 01:26:56.448" endtime="20211217 01:27:00.460"></status>
</kw>
<kw name="Hover Menu" library="ERP_Global_Keywords">
<arguments>
<arg>${ERP_Employee}</arg>
</arguments>
<kw name="Wait Until Element Is Visible" library="SeleniumLibrary">
<doc>Waits until the element ``locator`` is visible.</doc>
<arguments>
<arg>${ERP_LeftMenu}</arg>
<arg>5</arg>
</arguments>
<status status="PASS" starttime="20211217 01:27:00.460" endtime="20211217 01:27:14.248"></status>
</kw>
<kw name="Mouse Over" library="SeleniumLibrary">
<doc>Simulates hovering the mouse over the element ``locator``.</doc>
<arguments>
<arg>${ERP_SelectedMenu}</arg>
</arguments>
<msg timestamp="20211217 01:27:14.249" level="INFO">Simulating Mouse Over on element '//*[@id="leftMenu"]/li[1]'.</msg>
<status status="PASS" starttime="20211217 01:27:14.248" endtime="20211217 01:27:14.521"></status>
</kw>
<status status="PASS" starttime="20211217 01:27:00.460" endtime="20211217 01:27:14.522"></status>
</kw>
<kw name="Go To Function" library="ERP_Global_Keywords">
<arguments>
<arg>${ERP_SystFunc}</arg>
</arguments>
<kw name="Wait Until Element Is Visible" library="SeleniumLibrary">
<doc>Waits until the element ``locator`` is visible.</doc>
<arguments>
<arg>${ERP_SelectedFunction}</arg>
<arg>5</arg>
</arguments>
<status status="PASS" starttime="20211217 01:27:14.522" endtime="20211217 01:27:14.535"></status>
</kw>
<kw name="Click Element" library="SeleniumLibrary">
<doc>Click the element identified by ``locator``.</doc>
<arguments>
<arg>${ERP_SelectedFunction}</arg>
</arguments>
<msg timestamp="20211217 01:27:14.536" level="INFO">Clicking element '//*[@id="menu100500"]'.</msg>
<status status="PASS" starttime="20211217 01:27:14.535" endtime="20211217 01:27:14.565"></status>
</kw>
<status status="PASS" starttime="20211217 01:27:14.522" endtime="20211217 01:27:14.565"></status>
</kw>
<kw name="Verify Page" library="ERP_Global_Keywords">
<arguments>
<arg>${SystFunc}</arg>
</arguments>
<kw name="Wait Until Element Is Visible" library="SeleniumLibrary">
<doc>Waits until the element ``locator`` is visible.</doc>
<arguments>
<arg>${nav_hint}</arg>
<arg>5</arg>
</arguments>
<status status="PASS" starttime="20211217 01:27:14.565" endtime="20211217 01:27:14.578"></status>
</kw>
<kw name="Element Should Contain" library="SeleniumLibrary">
<doc>Verifies that element ``locator`` contains text ``expected``.</doc>
<arguments>
<arg>${nav_hint}</arg>
<arg>${Page}</arg>
</arguments>
<msg timestamp="20211217 01:27:14.590" level="INFO">Element '//*[@id="nav_hint"]' contains text '/Employee/SystemFunction'.</msg>
<status status="PASS" starttime="20211217 01:27:14.578" endtime="20211217 01:27:14.590"></status>
</kw>
<status status="PASS" starttime="20211217 01:27:14.565" endtime="20211217 01:27:14.590"></status>
</kw>
<kw name="Close Browser" library="SeleniumLibrary">
<doc>Closes the current browser.</doc>
<status status="PASS" starttime="20211217 01:27:14.590" endtime="20211217 01:27:16.651"></status>
</kw>
<status status="PASS" starttime="20211217 01:26:56.447" endtime="20211217 01:27:16.651" critical="yes"></status>
</test>
<test id="s1-s1-s1-t2" name="Verify If User Can Access Employee/Message Center">
<kw name="Login To ERP" library="ERP_Global_Keywords">
<arguments>
<arg>${user1}</arg>
<arg>${user1pw}</arg>
</arguments>
<kw name="Open Browser" library="SeleniumLibrary">
<doc>Opens a new browser instance to the optional ``url``.</doc>
<arguments>
<arg>${url}</arg>
<arg>${browser}</arg>
</arguments>
<msg timestamp="20211217 01:27:16.653" level="INFO">Opening browser 'Chrome' to base url 'http://hq2.canadacomputers.com:39090/Home/Login?reLogin=true'.</msg>
<status status="PASS" starttime="20211217 01:27:16.653" endtime="20211217 01:27:19.599"></status>
</kw>
<kw name="Wait Until Element Is Visible" library="SeleniumLibrary">
<doc>Waits until the element ``locator`` is visible.</doc>
<arguments>
<arg>${ERP_LoginBtn}</arg>
<arg>5</arg>
</arguments>
<status status="PASS" starttime="20211217 01:27:19.599" endtime="20211217 01:27:19.617"></status>
</kw>
<kw name="Input Text" library="SeleniumLibrary">
<doc>Types the given ``text`` into the text field identified by ``locator``.</doc>
<arguments>
<arg>${ERP_Username}</arg>
<arg>${username}</arg>
</arguments>
<msg timestamp="20211217 01:27:19.618" level="INFO">Typing text 'Test.Store.user01' into text field '//*[@id="txtUsername"]'.</msg>
<status status="PASS" starttime="20211217 01:27:19.617" endtime="20211217 01:27:19.669"></status>
</kw>
<kw name="Input Password" library="SeleniumLibrary">
<doc>Types the given password into the text field identified by ``locator``.</doc>
<arguments>
<arg>${ERP_Password}</arg>
<arg>${password}</arg>
</arguments>
<msg timestamp="20211217 01:27:19.669" level="INFO">Typing password into text field '//*[@id="txtPassword"]'.</msg>
<msg timestamp="20211217 01:27:19.693" level="INFO">Temporally setting log level to: NONE</msg>
<msg timestamp="20211217 01:27:19.718" level="INFO">Log level changed from NONE to INFO.</msg>
<status status="PASS" starttime="20211217 01:27:19.669" endtime="20211217 01:27:19.718"></status>
</kw>
<kw name="Click Button" library="SeleniumLibrary">
<doc>Clicks the button identified by ``locator``.</doc>
<arguments>
<arg>${ERP_LoginBtn}</arg>
</arguments>
<msg timestamp="20211217 01:27:19.719" level="INFO">Clicking button '//*[@id="btnLogin"]'.</msg>
<status status="PASS" starttime="20211217 01:27:19.718" endtime="20211217 01:27:19.748"></status>
</kw>
<status status="PASS" starttime="20211217 01:27:16.652" endtime="20211217 01:27:19.748"></status>
</kw>
<kw name="Hover Menu" library="ERP_Global_Keywords">
<arguments>
<arg>${ERP_Employee}</arg>
</arguments>
<kw name="Wait Until Element Is Visible" library="SeleniumLibrary">
<doc>Waits until the element ``locator`` is visible.</doc>
<arguments>
<arg>${ERP_LeftMenu}</arg>
<arg>5</arg>
</arguments>
<status status="PASS" starttime="20211217 01:27:19.748" endtime="20211217 01:27:26.646"></status>
</kw>
<kw name="Mouse Over" library="SeleniumLibrary">
<doc>Simulates hovering the mouse over the element ``locator``.</doc>
<arguments>
<arg>${ERP_SelectedMenu}</arg>
</arguments>
<msg timestamp="20211217 01:27:26.646" level="INFO">Simulating Mouse Over on element '//*[@id="leftMenu"]/li[1]'.</msg>
<status status="PASS" starttime="20211217 01:27:26.646" endtime="20211217 01:27:26.919"></status>
</kw>
<status status="PASS" starttime="20211217 01:27:19.748" endtime="20211217 01:27:26.919"></status>
</kw>
<kw name="Go To Function" library="ERP_Global_Keywords">
<arguments>
<arg>${ERP_MsgCenter}</arg>
</arguments>
<kw name="Wait Until Element Is Visible" library="SeleniumLibrary">
<doc>Waits until the element ``locator`` is visible.</doc>
<arguments>
<arg>${ERP_SelectedFunction}</arg>
<arg>5</arg>
</arguments>
<status status="PASS" starttime="20211217 01:27:26.919" endtime="20211217 01:27:26.932"></status>
</kw>
<kw name="Click Element" library="SeleniumLibrary">
<doc>Click the element identified by ``locator``.</doc>
<arguments>
<arg>${ERP_SelectedFunction}</arg>
</arguments>
<msg timestamp="20211217 01:27:26.933" level="INFO">Clicking element '//*[@id="menu100700"]'.</msg>
<status status="PASS" starttime="20211217 01:27:26.933" endtime="20211217 01:27:26.961"></status>
</kw>
<status status="PASS" starttime="20211217 01:27:26.919" endtime="20211217 01:27:26.961"></status>
</kw>
<kw name="Verify Page" library="ERP_Global_Keywords">
<arguments>
<arg>${MessageCenter}</arg>
</arguments>
<kw name="Wait Until Element Is Visible" library="SeleniumLibrary">
<doc>Waits until the element ``locator`` is visible.</doc>
<arguments>
<arg>${nav_hint}</arg>
<arg>5</arg>
</arguments>
<status status="PASS" starttime="20211217 01:27:26.962" endtime="20211217 01:27:26.974"></status>
</kw>
<kw name="Element Should Contain" library="SeleniumLibrary">
<doc>Verifies that element ``locator`` contains text ``expected``.</doc>
<arguments>
<arg>${nav_hint}</arg>
<arg>${Page}</arg>
</arguments>
<msg timestamp="20211217 01:27:26.986" level="INFO">Element '//*[@id="nav_hint"]' contains text '/Message/Center'.</msg>
<status status="PASS" starttime="20211217 01:27:26.975" endtime="20211217 01:27:26.986"></status>
</kw>
<status status="PASS" starttime="20211217 01:27:26.961" endtime="20211217 01:27:26.986"></status>
</kw>
<kw name="Close Browser" library="SeleniumLibrary">
<doc>Closes the current browser.</doc>
<status status="PASS" starttime="20211217 01:27:26.986" endtime="20211217 01:27:29.054"></status>
</kw>
<status status="PASS" starttime="20211217 01:27:16.652" endtime="20211217 01:27:29.054" critical="yes"></status>
</test>
<status status="PASS" starttime="20211217 01:26:56.209" endtime="20211217 01:27:29.055"></status>
</suite>
<status status="PASS" starttime="20211217 01:26:56.207" endtime="20211217 01:27:29.057"></status>
</suite>
<suite id="s1-s2" name="ERP ProductManage" source="C:\Users\CL WORK\eclipse-workspace\ERP-002\ERP_ProductManage">
<suite id="s1-s2-s1" name="ERP ProductManage" source="C:\Users\CL WORK\eclipse-workspace\ERP-002\ERP_ProductManage\ERP_ProductManage.robot">
<test id="s1-s2-s1-t1" name="Verify If User Can Access Product Manage/Item Price">
<kw name="Login To ERP" library="ERP_Global_Keywords">
<arguments>
<arg>${user2}</arg>
<arg>${user2pw}</arg>
</arguments>
<kw name="Open Browser" library="SeleniumLibrary">
<doc>Opens a new browser instance to the optional ``url``.</doc>
<arguments>
<arg>${url}</arg>
<arg>${browser}</arg>
</arguments>
<msg timestamp="20211217 01:27:29.066" level="INFO">Opening browser 'Chrome' to base url 'http://hq2.canadacomputers.com:39090/Home/Login?reLogin=true'.</msg>
<status status="PASS" starttime="20211217 01:27:29.066" endtime="20211217 01:27:31.951"></status>
</kw>
<kw name="Wait Until Element Is Visible" library="SeleniumLibrary">
<doc>Waits until the element ``locator`` is visible.</doc>
<arguments>
<arg>${ERP_LoginBtn}</arg>
<arg>5</arg>
</arguments>
<status status="PASS" starttime="20211217 01:27:31.951" endtime="20211217 01:27:31.970"></status>
</kw>
<kw name="Input Text" library="SeleniumLibrary">
<doc>Types the given ``text`` into the text field identified by ``locator``.</doc>
<arguments>
<arg>${ERP_Username}</arg>
<arg>${username}</arg>
</arguments>
<msg timestamp="20211217 01:27:31.971" level="INFO">Typing text 'Test.Store.user02' into text field '//*[@id="txtUsername"]'.</msg>
<status status="PASS" starttime="20211217 01:27:31.970" endtime="20211217 01:27:32.023"></status>
</kw>
<kw name="Input Password" library="SeleniumLibrary">
<doc>Types the given password into the text field identified by ``locator``.</doc>
<arguments>
<arg>${ERP_Password}</arg>
<arg>${password}</arg>
</arguments>
<msg timestamp="20211217 01:27:32.023" level="INFO">Typing password into text field '//*[@id="txtPassword"]'.</msg>
<msg timestamp="20211217 01:27:32.047" level="INFO">Temporally setting log level to: NONE</msg>
<msg timestamp="20211217 01:27:32.073" level="INFO">Log level changed from NONE to INFO.</msg>
<status status="PASS" starttime="20211217 01:27:32.023" endtime="20211217 01:27:32.073"></status>
</kw>
<kw name="Click Button" library="SeleniumLibrary">
<doc>Clicks the button identified by ``locator``.</doc>
<arguments>
<arg>${ERP_LoginBtn}</arg>
</arguments>
<msg timestamp="20211217 01:27:32.074" level="INFO">Clicking button '//*[@id="btnLogin"]'.</msg>
<status status="PASS" starttime="20211217 01:27:32.074" endtime="20211217 01:27:32.104"></status>
</kw>
<status status="PASS" starttime="20211217 01:27:29.066" endtime="20211217 01:27:32.104"></status>
</kw>
<kw name="Hover Menu" library="ERP_Global_Keywords">
<arguments>
<arg>${ERP_ProductManage}</arg>
</arguments>
<kw name="Wait Until Element Is Visible" library="SeleniumLibrary">
<doc>Waits until the element ``locator`` is visible.</doc>
<arguments>
<arg>${ERP_LeftMenu}</arg>
<arg>5</arg>
</arguments>
<status status="PASS" starttime="20211217 01:27:32.105" endtime="20211217 01:27:39.525"></status>
</kw>
<kw name="Mouse Over" library="SeleniumLibrary">
<doc>Simulates hovering the mouse over the element ``locator``.</doc>
<arguments>
<arg>${ERP_SelectedMenu}</arg>
</arguments>
<msg timestamp="20211217 01:27:39.526" level="INFO">Simulating Mouse Over on element '//*[@id="leftMenu"]/li[2]'.</msg>
<status status="PASS" starttime="20211217 01:27:39.525" endtime="20211217 01:27:39.804"></status>
</kw>
<status status="PASS" starttime="20211217 01:27:32.105" endtime="20211217 01:27:39.804"></status>
</kw>
<kw name="Go To Function" library="ERP_Global_Keywords">
<arguments>
<arg>${ERP_ItemPrice}</arg>
</arguments>
<kw name="Wait Until Element Is Visible" library="SeleniumLibrary">
<doc>Waits until the element ``locator`` is visible.</doc>
<arguments>
<arg>${ERP_SelectedFunction}</arg>
<arg>5</arg>
</arguments>
<status status="PASS" starttime="20211217 01:27:39.804" endtime="20211217 01:27:39.817"></status>
</kw>
<kw name="Click Element" library="SeleniumLibrary">
<doc>Click the element identified by ``locator``.</doc>
<arguments>
<arg>${ERP_SelectedFunction}</arg>
</arguments>
<msg timestamp="20211217 01:27:39.818" level="INFO">Clicking element '//*[@id="menu200500"]'.</msg>
<status status="PASS" starttime="20211217 01:27:39.818" endtime="20211217 01:27:39.846"></status>
</kw>
<status status="PASS" starttime="20211217 01:27:39.804" endtime="20211217 01:27:39.846"></status>
</kw>
<kw name="Verify Page" library="ERP_Global_Keywords">
<arguments>
<arg>${ItemPrice}</arg>
</arguments>
<kw name="Wait Until Element Is Visible" library="SeleniumLibrary">
<doc>Waits until the element ``locator`` is visible.</doc>
<arguments>
<arg>${nav_hint}</arg>
<arg>5</arg>
</arguments>
<status status="PASS" starttime="20211217 01:27:39.847" endtime="20211217 01:27:39.859"></status>
</kw>
<kw name="Element Should Contain" library="SeleniumLibrary">
<doc>Verifies that element ``locator`` contains text ``expected``.</doc>
<arguments>
<arg>${nav_hint}</arg>
<arg>${Page}</arg>
</arguments>
<msg timestamp="20211217 01:27:39.871" level="INFO">Element '//*[@id="nav_hint"]' contains text '/Item/ItemPrice'.</msg>
<status status="PASS" starttime="20211217 01:27:39.860" endtime="20211217 01:27:39.871"></status>
</kw>
<status status="PASS" starttime="20211217 01:27:39.846" endtime="20211217 01:27:39.871"></status>
</kw>
<kw name="Close Browser" library="SeleniumLibrary">
<doc>Closes the current browser.</doc>
<status status="PASS" starttime="20211217 01:27:39.871" endtime="20211217 01:27:41.937"></status>
</kw>
<status status="PASS" starttime="20211217 01:27:29.065" endtime="20211217 01:27:41.937" critical="yes"></status>
</test>
<test id="s1-s2-s1-t2" name="Verify If User Can Access Product Manage/Price Tag Status">
<kw name="Login To ERP" library="ERP_Global_Keywords">
<arguments>
<arg>${user2}</arg>
<arg>${user2pw}</arg>
</arguments>
<kw name="Open Browser" library="SeleniumLibrary">
<doc>Opens a new browser instance to the optional ``url``.</doc>
<arguments>
<arg>${url}</arg>
<arg>${browser}</arg>
</arguments>
<msg timestamp="20211217 01:27:41.940" level="INFO">Opening browser 'Chrome' to base url 'http://hq2.canadacomputers.com:39090/Home/Login?reLogin=true'.</msg>
<status status="PASS" starttime="20211217 01:27:41.939" endtime="20211217 01:27:45.713"></status>
</kw>
<kw name="Wait Until Element Is Visible" library="SeleniumLibrary">
<doc>Waits until the element ``locator`` is visible.</doc>
<arguments>
<arg>${ERP_LoginBtn}</arg>
<arg>5</arg>
</arguments>
<status status="PASS" starttime="20211217 01:27:45.714" endtime="20211217 01:27:45.731"></status>
</kw>
<kw name="Input Text" library="SeleniumLibrary">
<doc>Types the given ``text`` into the text field identified by ``locator``.</doc>
<arguments>
<arg>${ERP_Username}</arg>
<arg>${username}</arg>
</arguments>
<msg timestamp="20211217 01:27:45.732" level="INFO">Typing text 'Test.Store.user02' into text field '//*[@id="txtUsername"]'.</msg>
<status status="PASS" starttime="20211217 01:27:45.732" endtime="20211217 01:27:45.782"></status>
</kw>
<kw name="Input Password" library="SeleniumLibrary">
<doc>Types the given password into the text field identified by ``locator``.</doc>
<arguments>
<arg>${ERP_Password}</arg>
<arg>${password}</arg>
</arguments>
<msg timestamp="20211217 01:27:45.783" level="INFO">Typing password into text field '//*[@id="txtPassword"]'.</msg>
<msg timestamp="20211217 01:27:45.807" level="INFO">Temporally setting log level to: NONE</msg>
<msg timestamp="20211217 01:27:45.838" level="INFO">Log level changed from NONE to INFO.</msg>
<status status="PASS" starttime="20211217 01:27:45.783" endtime="20211217 01:27:45.838"></status>
</kw>
<kw name="Click Button" library="SeleniumLibrary">
<doc>Clicks the button identified by ``locator``.</doc>
<arguments>
<arg>${ERP_LoginBtn}</arg>
</arguments>
<msg timestamp="20211217 01:27:45.838" level="INFO">Clicking button '//*[@id="btnLogin"]'.</msg>
<status status="PASS" starttime="20211217 01:27:45.838" endtime="20211217 01:27:45.867"></status>
</kw>
<status status="PASS" starttime="20211217 01:27:41.939" endtime="20211217 01:27:45.867"></status>
</kw>
<kw name="Hover Menu" library="ERP_Global_Keywords">
<arguments>
<arg>${ERP_ProductManage}</arg>
</arguments>
<kw name="Wait Until Element Is Visible" library="SeleniumLibrary">
<doc>Waits until the element ``locator`` is visible.</doc>
<arguments>
<arg>${ERP_LeftMenu}</arg>
<arg>5</arg>
</arguments>
<status status="PASS" starttime="20211217 01:27:45.868" endtime="20211217 01:27:53.487"></status>
</kw>
<kw name="Mouse Over" library="SeleniumLibrary">
<doc>Simulates hovering the mouse over the element ``locator``.</doc>
<arguments>
<arg>${ERP_SelectedMenu}</arg>
</arguments>
<msg timestamp="20211217 01:27:53.488" level="INFO">Simulating Mouse Over on element '//*[@id="leftMenu"]/li[2]'.</msg>
<status status="PASS" starttime="20211217 01:27:53.487" endtime="20211217 01:27:53.770"></status>
</kw>
<status status="PASS" starttime="20211217 01:27:45.867" endtime="20211217 01:27:53.770"></status>
</kw>
<kw name="Go To Function" library="ERP_Global_Keywords">
<arguments>
<arg>${ERP_PriceTagStatus}</arg>
</arguments>
<kw name="Wait Until Element Is Visible" library="SeleniumLibrary">
<doc>Waits until the element ``locator`` is visible.</doc>
<arguments>
<arg>${ERP_SelectedFunction}</arg>
<arg>5</arg>
</arguments>
<status status="PASS" starttime="20211217 01:27:53.770" endtime="20211217 01:27:53.784"></status>
</kw>
<kw name="Click Element" library="SeleniumLibrary">
<doc>Click the element identified by ``locator``.</doc>
<arguments>
<arg>${ERP_SelectedFunction}</arg>
</arguments>
<msg timestamp="20211217 01:27:53.784" level="INFO">Clicking element '//*[@id="menu202400"]'.</msg>
<status status="PASS" starttime="20211217 01:27:53.784" endtime="20211217 01:27:53.812"></status>
</kw>
<status status="PASS" starttime="20211217 01:27:53.770" endtime="20211217 01:27:53.813"></status>
</kw>
<kw name="Verify Page" library="ERP_Global_Keywords">
<arguments>
<arg>${PriceTagStatus}</arg>
</arguments>
<kw name="Wait Until Element Is Visible" library="SeleniumLibrary">
<doc>Waits until the element ``locator`` is visible.</doc>
<arguments>
<arg>${nav_hint}</arg>
<arg>5</arg>
</arguments>
<status status="PASS" starttime="20211217 01:27:53.813" endtime="20211217 01:27:53.827"></status>
</kw>
<kw name="Element Should Contain" library="SeleniumLibrary">
<doc>Verifies that element ``locator`` contains text ``expected``.</doc>
<arguments>
<arg>${nav_hint}</arg>
<arg>${Page}</arg>
</arguments>
<msg timestamp="20211217 01:27:53.839" level="INFO">Element '//*[@id="nav_hint"]' contains text '/ItemPlace/Index'.</msg>
<status status="PASS" starttime="20211217 01:27:53.827" endtime="20211217 01:27:53.839"></status>
</kw>
<status status="PASS" starttime="20211217 01:27:53.813" endtime="20211217 01:27:53.839"></status>
</kw>
<kw name="Close Browser" library="SeleniumLibrary">
<doc>Closes the current browser.</doc>
<status status="PASS" starttime="20211217 01:27:53.839" endtime="20211217 01:27:55.910"></status>
</kw>
<status status="PASS" starttime="20211217 01:27:41.938" endtime="20211217 01:27:55.910" critical="yes"></status>
</test>
<status status="PASS" starttime="20211217 01:27:29.060" endtime="20211217 01:27:55.911"></status>
</suite>
<status status="PASS" starttime="20211217 01:27:29.058" endtime="20211217 01:27:55.912"></status>
</suite>
<status status="PASS" starttime="20211217 01:26:56.188" endtime="20211217 01:27:55.914"></status>
</suite>
<statistics>
<total>
<stat pass="4" fail="0">Critical Tests</stat>
<stat pass="4" fail="0">All Tests</stat>
</total>
<tag>
</tag>
<suite>
<stat pass="4" fail="0" id="s1" name="ERP-002">ERP-002</stat>
<stat pass="2" fail="0" id="s1-s1" name="ERP Employee">ERP-002.ERP Employee</stat>
<stat pass="2" fail="0" id="s1-s1-s1" name="ERP Employee">ERP-002.ERP Employee.ERP Employee</stat>
<stat pass="2" fail="0" id="s1-s2" name="ERP ProductManage">ERP-002.ERP ProductManage</stat>
<stat pass="2" fail="0" id="s1-s2-s1" name="ERP ProductManage">ERP-002.ERP ProductManage.ERP ProductManage</stat>
</suite>
</statistics>
<errors>
</errors>
</robot>
