<?xml version="1.0" encoding="UTF-8"?>
<robot generator="Robot 3.2.2 (Python 3.10.0 on win32)" generated="20211214 23:38:52.562" rpa="false">
<suite id="s1" name="ERP-001" source="C:\Users\CL WORK\eclipse-workspace\ERP-001">
<suite id="s1-s1" name="ERP Employee" source="C:\Users\CL WORK\eclipse-workspace\ERP-001\ERP_Employee">
<suite id="s1-s1-s1" name="ERP Employee" source="C:\Users\CL WORK\eclipse-workspace\ERP-001\ERP_Employee\ERP_Employee.robot">
<test id="s1-s1-s1-t1" name="Verify If User Can Access Employee/System Function">
<kw name="Login To ERP" library="ERP_Global_Keywords">
<arguments>
<arg>${user1}</arg>
<arg>${user1pw}</arg>
</arguments>
<kw name="Open Browser" library="SeleniumLibrary">
<doc>Opens a new browser instance to the optional ``url``.</doc>
<arguments>
<arg>${url}</arg>
<arg>${browser}</arg>
</arguments>
<msg timestamp="20211214 23:38:52.744" level="INFO">Opening browser 'Chrome' to base url 'http://hq2.canadacomputers.com:39090/Home/Login?reLogin=true'.</msg>
<status status="PASS" starttime="20211214 23:38:52.744" endtime="20211214 23:38:58.067"></status>
</kw>
<kw name="Wait Until Element Is Visible" library="SeleniumLibrary">
<doc>Waits until the element ``locator`` is visible.</doc>
<arguments>
<arg>${ERP_LoginBtn}</arg>
<arg>5</arg>
</arguments>
<status status="PASS" starttime="20211214 23:38:58.067" endtime="20211214 23:38:58.085"></status>
</kw>
<kw name="Input Text" library="SeleniumLibrary">
<doc>Types the given ``text`` into the text field identified by ``locator``.</doc>
<arguments>
<arg>${ERP_Username}</arg>
<arg>${username}</arg>
</arguments>
<msg timestamp="20211214 23:38:58.086" level="INFO">Typing text 'Test.Store.user01' into text field '//*[@id="txtUsername"]'.</msg>
<status status="PASS" starttime="20211214 23:38:58.085" endtime="20211214 23:38:58.136"></status>
</kw>
<kw name="Input Password" library="SeleniumLibrary">
<doc>Types the given password into the text field identified by ``locator``.</doc>
<arguments>
<arg>${ERP_Password}</arg>
<arg>${password}</arg>
</arguments>
<msg timestamp="20211214 23:38:58.137" level="INFO">Typing password into text field '//*[@id="txtPassword"]'.</msg>
<msg timestamp="20211214 23:38:58.162" level="INFO">Temporally setting log level to: NONE</msg>
<msg timestamp="20211214 23:38:58.189" level="INFO">Log level changed from NONE to INFO.</msg>
<status status="PASS" starttime="20211214 23:38:58.136" endtime="20211214 23:38:58.189"></status>
</kw>
<kw name="Click Button" library="SeleniumLibrary">
<doc>Clicks the button identified by ``locator``.</doc>
<arguments>
<arg>${ERP_LoginBtn}</arg>
</arguments>
<msg timestamp="20211214 23:38:58.189" level="INFO">Clicking button '//*[@id="btnLogin"]'.</msg>
<status status="PASS" starttime="20211214 23:38:58.189" endtime="20211214 23:38:58.227"></status>
</kw>
<status status="PASS" starttime="20211214 23:38:52.744" endtime="20211214 23:38:58.227"></status>
</kw>
<kw name="Hover Menu" library="ERP_Global_Keywords">
<arguments>
<arg>${ERP_Employee}</arg>
</arguments>
<kw name="Wait Until Element Is Visible" library="SeleniumLibrary">
<doc>Waits until the element ``locator`` is visible.</doc>
<arguments>
<arg>${ERP_LeftMenu}</arg>
<arg>5</arg>
</arguments>
<msg timestamp="20211214 23:39:22.163" level="INFO" html="yes">&lt;/td&gt;&lt;/tr&gt;&lt;tr&gt;&lt;td colspan="3"&gt;&lt;a href="selenium-screenshot-4.png"&gt;&lt;img src="selenium-screenshot-4.png" width="800px"&gt;&lt;/a&gt;</msg>
<msg timestamp="20211214 23:39:22.164" level="FAIL">Element '//*[@id="leftMenu"]' not visible after 5 seconds.</msg>
<status status="FAIL" starttime="20211214 23:38:58.228" endtime="20211214 23:39:22.164"></status>
</kw>
<status status="FAIL" starttime="20211214 23:38:58.227" endtime="20211214 23:39:22.164"></status>
</kw>
<status status="FAIL" starttime="20211214 23:38:52.743" endtime="20211214 23:39:22.164" critical="yes">Element '//*[@id="leftMenu"]' not visible after 5 seconds.</status>
</test>
<test id="s1-s1-s1-t2" name="Verify If User Can Access Employee/Message Center">
<kw name="Login To ERP" library="ERP_Global_Keywords">
<arguments>
<arg>${user1}</arg>
<arg>${user1pw}</arg>
</arguments>
<kw name="Open Browser" library="SeleniumLibrary">
<doc>Opens a new browser instance to the optional ``url``.</doc>
<arguments>
<arg>${url}</arg>
<arg>${browser}</arg>
</arguments>
<msg timestamp="20211214 23:39:22.165" level="INFO">Opening browser 'Chrome' to base url 'http://hq2.canadacomputers.com:39090/Home/Login?reLogin=true'.</msg>
<status status="PASS" starttime="20211214 23:39:22.165" endtime="20211214 23:39:29.011"></status>
</kw>
<kw name="Wait Until Element Is Visible" library="SeleniumLibrary">
<doc>Waits until the element ``locator`` is visible.</doc>
<arguments>
<arg>${ERP_LoginBtn}</arg>
<arg>5</arg>
</arguments>
<status status="PASS" starttime="20211214 23:39:29.012" endtime="20211214 23:39:29.030"></status>
</kw>
<kw name="Input Text" library="SeleniumLibrary">
<doc>Types the given ``text`` into the text field identified by ``locator``.</doc>
<arguments>
<arg>${ERP_Username}</arg>
<arg>${username}</arg>
</arguments>
<msg timestamp="20211214 23:39:29.030" level="INFO">Typing text 'Test.Store.user01' into text field '//*[@id="txtUsername"]'.</msg>
<status status="PASS" starttime="20211214 23:39:29.030" endtime="20211214 23:39:29.078"></status>
</kw>
<kw name="Input Password" library="SeleniumLibrary">
<doc>Types the given password into the text field identified by ``locator``.</doc>
<arguments>
<arg>${ERP_Password}</arg>
<arg>${password}</arg>
</arguments>
<msg timestamp="20211214 23:39:29.079" level="INFO">Typing password into text field '//*[@id="txtPassword"]'.</msg>
<msg timestamp="20211214 23:39:29.104" level="INFO">Temporally setting log level to: NONE</msg>
<msg timestamp="20211214 23:39:29.131" level="INFO">Log level changed from NONE to INFO.</msg>
<status status="PASS" starttime="20211214 23:39:29.079" endtime="20211214 23:39:29.131"></status>
</kw>
<kw name="Click Button" library="SeleniumLibrary">
<doc>Clicks the button identified by ``locator``.</doc>
<arguments>
<arg>${ERP_LoginBtn}</arg>
</arguments>
<msg timestamp="20211214 23:39:29.131" level="INFO">Clicking button '//*[@id="btnLogin"]'.</msg>
<status status="PASS" starttime="20211214 23:39:29.131" endtime="20211214 23:39:29.165"></status>
</kw>
<status status="PASS" starttime="20211214 23:39:22.165" endtime="20211214 23:39:29.165"></status>
</kw>
<kw name="Hover Menu" library="ERP_Global_Keywords">
<arguments>
<arg>${ERP_Employee}</arg>
</arguments>
<kw name="Wait Until Element Is Visible" library="SeleniumLibrary">
<doc>Waits until the element ``locator`` is visible.</doc>
<arguments>
<arg>${ERP_LeftMenu}</arg>
<arg>5</arg>
</arguments>
<status status="PASS" starttime="20211214 23:39:29.166" endtime="20211214 23:39:51.863"></status>
</kw>
<kw name="Mouse Over" library="SeleniumLibrary">
<doc>Simulates hovering the mouse over the element ``locator``.</doc>
<arguments>
<arg>${ERP_SelectedMenu}</arg>
</arguments>
<msg timestamp="20211214 23:39:51.864" level="INFO">Simulating Mouse Over on element '//*[@id="leftMenu"]/li[1]'.</msg>
<status status="PASS" starttime="20211214 23:39:51.864" endtime="20211214 23:39:52.137"></status>
</kw>
<status status="PASS" starttime="20211214 23:39:29.165" endtime="20211214 23:39:52.137"></status>
</kw>
<kw name="Go To Function" library="ERP_Global_Keywords">
<arguments>
<arg>${ERP_MsgCenter}</arg>
</arguments>
<kw name="Wait Until Element Is Visible" library="SeleniumLibrary">
<doc>Waits until the element ``locator`` is visible.</doc>
<arguments>
<arg>${ERP_SelectedFunction}</arg>
<arg>5</arg>
</arguments>
<status status="PASS" starttime="20211214 23:39:52.137" endtime="20211214 23:39:52.150"></status>
</kw>
<kw name="Click Element" library="SeleniumLibrary">
<doc>Click the element identified by ``locator``.</doc>
<arguments>
<arg>${ERP_SelectedFunction}</arg>
</arguments>
<msg timestamp="20211214 23:39:52.150" level="INFO">Clicking element '//*[@id="menu100700"]'.</msg>
<status status="PASS" starttime="20211214 23:39:52.150" endtime="20211214 23:39:52.178"></status>
</kw>
<status status="PASS" starttime="20211214 23:39:52.137" endtime="20211214 23:39:52.179"></status>
</kw>
<kw name="Verify Page" library="ERP_Global_Keywords">
<arguments>
<arg>${MessageCenter}</arg>
</arguments>
<kw name="Wait Until Element Is Visible" library="SeleniumLibrary">
<doc>Waits until the element ``locator`` is visible.</doc>
<arguments>
<arg>${nav_hint}</arg>
<arg>5</arg>
</arguments>
<status status="PASS" starttime="20211214 23:39:52.179" endtime="20211214 23:39:52.192"></status>
</kw>
<kw name="Element Should Contain" library="SeleniumLibrary">
<doc>Verifies that element ``locator`` contains text ``expected``.</doc>
<arguments>
<arg>${nav_hint}</arg>
<arg>${Page}</arg>
</arguments>
<msg timestamp="20211214 23:39:52.204" level="INFO">Element '//*[@id="nav_hint"]' contains text '/Message/Center'.</msg>
<status status="PASS" starttime="20211214 23:39:52.192" endtime="20211214 23:39:52.204"></status>
</kw>
<status status="PASS" starttime="20211214 23:39:52.179" endtime="20211214 23:39:52.204"></status>
</kw>
<kw name="Close Browser" library="SeleniumLibrary">
<doc>Closes the current browser.</doc>
<status status="PASS" starttime="20211214 23:39:52.204" endtime="20211214 23:39:54.256"></status>
</kw>
<status status="PASS" starttime="20211214 23:39:22.164" endtime="20211214 23:39:54.256" critical="yes"></status>
</test>
<status status="FAIL" starttime="20211214 23:38:52.583" endtime="20211214 23:39:54.257"></status>
</suite>
<status status="FAIL" starttime="20211214 23:38:52.581" endtime="20211214 23:39:54.258"></status>
</suite>
<suite id="s1-s2" name="ERP ProductManage" source="C:\Users\CL WORK\eclipse-workspace\ERP-001\ERP_ProductManage">
<suite id="s1-s2-s1" name="ERP ProductManage" source="C:\Users\CL WORK\eclipse-workspace\ERP-001\ERP_ProductManage\ERP_ProductManage.robot">
<test id="s1-s2-s1-t1" name="Verify If User Can Access Product Manage/Item Price">
<kw name="Login To ERP" library="ERP_Global_Keywords">
<arguments>
<arg>${user2}</arg>
<arg>${user2pw}</arg>
</arguments>
<kw name="Open Browser" library="SeleniumLibrary">
<doc>Opens a new browser instance to the optional ``url``.</doc>
<arguments>
<arg>${url}</arg>
<arg>${browser}</arg>
</arguments>
<msg timestamp="20211214 23:39:54.267" level="INFO">Opening browser 'Chrome' to base url 'http://hq2.canadacomputers.com:39090/Home/Login?reLogin=true'.</msg>
<status status="PASS" starttime="20211214 23:39:54.267" endtime="20211214 23:39:58.404"></status>
</kw>
<kw name="Wait Until Element Is Visible" library="SeleniumLibrary">
<doc>Waits until the element ``locator`` is visible.</doc>
<arguments>
<arg>${ERP_LoginBtn}</arg>
<arg>5</arg>
</arguments>
<status status="PASS" starttime="20211214 23:39:58.405" endtime="20211214 23:39:58.425"></status>
</kw>
<kw name="Input Text" library="SeleniumLibrary">
<doc>Types the given ``text`` into the text field identified by ``locator``.</doc>
<arguments>
<arg>${ERP_Username}</arg>
<arg>${username}</arg>
</arguments>
<msg timestamp="20211214 23:39:58.425" level="INFO">Typing text 'Test.Store.user02' into text field '//*[@id="txtUsername"]'.</msg>
<status status="PASS" starttime="20211214 23:39:58.425" endtime="20211214 23:39:58.475"></status>
</kw>
<kw name="Input Password" library="SeleniumLibrary">
<doc>Types the given password into the text field identified by ``locator``.</doc>
<arguments>
<arg>${ERP_Password}</arg>
<arg>${password}</arg>
</arguments>
<msg timestamp="20211214 23:39:58.476" level="INFO">Typing password into text field '//*[@id="txtPassword"]'.</msg>
<msg timestamp="20211214 23:39:58.503" level="INFO">Temporally setting log level to: NONE</msg>
<msg timestamp="20211214 23:39:58.530" level="INFO">Log level changed from NONE to INFO.</msg>
<status status="PASS" starttime="20211214 23:39:58.476" endtime="20211214 23:39:58.530"></status>
</kw>
<kw name="Click Button" library="SeleniumLibrary">
<doc>Clicks the button identified by ``locator``.</doc>
<arguments>
<arg>${ERP_LoginBtn}</arg>
</arguments>
<msg timestamp="20211214 23:39:58.531" level="INFO">Clicking button '//*[@id="btnLogin"]'.</msg>
<status status="PASS" starttime="20211214 23:39:58.531" endtime="20211214 23:39:58.564"></status>
</kw>
<status status="PASS" starttime="20211214 23:39:54.266" endtime="20211214 23:39:58.564"></status>
</kw>
<kw name="Hover Menu" library="ERP_Global_Keywords">
<arguments>
<arg>${ERP_ProductManage}</arg>
</arguments>
<kw name="Wait Until Element Is Visible" library="SeleniumLibrary">
<doc>Waits until the element ``locator`` is visible.</doc>
<arguments>
<arg>${ERP_LeftMenu}</arg>
<arg>5</arg>
</arguments>
<status status="PASS" starttime="20211214 23:39:58.564" endtime="20211214 23:40:27.485"></status>
</kw>
<kw name="Mouse Over" library="SeleniumLibrary">
<doc>Simulates hovering the mouse over the element ``locator``.</doc>
<arguments>
<arg>${ERP_SelectedMenu}</arg>
</arguments>
<msg timestamp="20211214 23:40:27.485" level="INFO">Simulating Mouse Over on element '//*[@id="leftMenu"]/li[2]'.</msg>
<status status="PASS" starttime="20211214 23:40:27.485" endtime="20211214 23:40:27.776"></status>
</kw>
<status status="PASS" starttime="20211214 23:39:58.564" endtime="20211214 23:40:27.776"></status>
</kw>
<kw name="Go To Function" library="ERP_Global_Keywords">
<arguments>
<arg>${ERP_ItemPrice}</arg>
</arguments>
<kw name="Wait Until Element Is Visible" library="SeleniumLibrary">
<doc>Waits until the element ``locator`` is visible.</doc>
<arguments>
<arg>${ERP_SelectedFunction}</arg>
<arg>5</arg>
</arguments>
<status status="PASS" starttime="20211214 23:40:27.776" endtime="20211214 23:40:27.789"></status>
</kw>
<kw name="Click Element" library="SeleniumLibrary">
<doc>Click the element identified by ``locator``.</doc>
<arguments>
<arg>${ERP_SelectedFunction}</arg>
</arguments>
<msg timestamp="20211214 23:40:27.789" level="INFO">Clicking element '//*[@id="menu200500"]'.</msg>
<status status="PASS" starttime="20211214 23:40:27.789" endtime="20211214 23:40:27.821"></status>
</kw>
<status status="PASS" starttime="20211214 23:40:27.776" endtime="20211214 23:40:27.821"></status>
</kw>
<kw name="Verify Page" library="ERP_Global_Keywords">
<arguments>
<arg>${ItemPrice}</arg>
</arguments>
<kw name="Wait Until Element Is Visible" library="SeleniumLibrary">
<doc>Waits until the element ``locator`` is visible.</doc>
<arguments>
<arg>${nav_hint}</arg>
<arg>5</arg>
</arguments>
<status status="PASS" starttime="20211214 23:40:27.821" endtime="20211214 23:40:27.836"></status>
</kw>
<kw name="Element Should Contain" library="SeleniumLibrary">
<doc>Verifies that element ``locator`` contains text ``expected``.</doc>
<arguments>
<arg>${nav_hint}</arg>
<arg>${Page}</arg>
</arguments>
<msg timestamp="20211214 23:40:27.848" level="INFO">Element '//*[@id="nav_hint"]' contains text '/Item/ItemPrice'.</msg>
<status status="PASS" starttime="20211214 23:40:27.836" endtime="20211214 23:40:27.848"></status>
</kw>
<status status="PASS" starttime="20211214 23:40:27.821" endtime="20211214 23:40:27.848"></status>
</kw>
<kw name="Close Browser" library="SeleniumLibrary">
<doc>Closes the current browser.</doc>
<status status="PASS" starttime="20211214 23:40:27.848" endtime="20211214 23:40:29.908"></status>
</kw>
<status status="PASS" starttime="20211214 23:39:54.266" endtime="20211214 23:40:29.908" critical="yes"></status>
</test>
<test id="s1-s2-s1-t2" name="Verify If User Can Access Product Manage/Price Tag Status">
<kw name="Login To ERP" library="ERP_Global_Keywords">
<arguments>
<arg>${user2}</arg>
<arg>${user2pw}</arg>
</arguments>
<kw name="Open Browser" library="SeleniumLibrary">
<doc>Opens a new browser instance to the optional ``url``.</doc>
<arguments>
<arg>${url}</arg>
<arg>${browser}</arg>
</arguments>
<msg timestamp="20211214 23:40:29.909" level="INFO">Opening browser 'Chrome' to base url 'http://hq2.canadacomputers.com:39090/Home/Login?reLogin=true'.</msg>
<status status="PASS" starttime="20211214 23:40:29.909" endtime="20211214 23:40:34.942"></status>
</kw>
<kw name="Wait Until Element Is Visible" library="SeleniumLibrary">
<doc>Waits until the element ``locator`` is visible.</doc>
<arguments>
<arg>${ERP_LoginBtn}</arg>
<arg>5</arg>
</arguments>
<status status="PASS" starttime="20211214 23:40:34.943" endtime="20211214 23:40:34.959"></status>
</kw>
<kw name="Input Text" library="SeleniumLibrary">
<doc>Types the given ``text`` into the text field identified by ``locator``.</doc>
<arguments>
<arg>${ERP_Username}</arg>
<arg>${username}</arg>
</arguments>
<msg timestamp="20211214 23:40:34.960" level="INFO">Typing text 'Test.Store.user02' into text field '//*[@id="txtUsername"]'.</msg>
<status status="PASS" starttime="20211214 23:40:34.960" endtime="20211214 23:40:35.007"></status>
</kw>
<kw name="Input Password" library="SeleniumLibrary">
<doc>Types the given password into the text field identified by ``locator``.</doc>
<arguments>
<arg>${ERP_Password}</arg>
<arg>${password}</arg>
</arguments>
<msg timestamp="20211214 23:40:35.007" level="INFO">Typing password into text field '//*[@id="txtPassword"]'.</msg>
<msg timestamp="20211214 23:40:35.032" level="INFO">Temporally setting log level to: NONE</msg>
<msg timestamp="20211214 23:40:35.057" level="INFO">Log level changed from NONE to INFO.</msg>
<status status="PASS" starttime="20211214 23:40:35.007" endtime="20211214 23:40:35.058"></status>
</kw>
<kw name="Click Button" library="SeleniumLibrary">
<doc>Clicks the button identified by ``locator``.</doc>
<arguments>
<arg>${ERP_LoginBtn}</arg>
</arguments>
<msg timestamp="20211214 23:40:35.058" level="INFO">Clicking button '//*[@id="btnLogin"]'.</msg>
<status status="PASS" starttime="20211214 23:40:35.058" endtime="20211214 23:40:35.088"></status>
</kw>
<status status="PASS" starttime="20211214 23:40:29.909" endtime="20211214 23:40:35.088"></status>
</kw>
<kw name="Hover Menu" library="ERP_Global_Keywords">
<arguments>
<arg>${ERP_ProductManage}</arg>
</arguments>
<kw name="Wait Until Element Is Visible" library="SeleniumLibrary">
<doc>Waits until the element ``locator`` is visible.</doc>
<arguments>
<arg>${ERP_LeftMenu}</arg>
<arg>5</arg>
</arguments>
<status status="PASS" starttime="20211214 23:40:35.088" endtime="20211214 23:40:50.286"></status>
</kw>
<kw name="Mouse Over" library="SeleniumLibrary">
<doc>Simulates hovering the mouse over the element ``locator``.</doc>
<arguments>
<arg>${ERP_SelectedMenu}</arg>
</arguments>
<msg timestamp="20211214 23:40:50.286" level="INFO">Simulating Mouse Over on element '//*[@id="leftMenu"]/li[2]'.</msg>
<status status="PASS" starttime="20211214 23:40:50.286" endtime="20211214 23:40:50.553"></status>
</kw>
<status status="PASS" starttime="20211214 23:40:35.088" endtime="20211214 23:40:50.553"></status>
</kw>
<kw name="Go To Function" library="ERP_Global_Keywords">
<arguments>
<arg>${ERP_PriceTagStatus}</arg>
</arguments>
<kw name="Wait Until Element Is Visible" library="SeleniumLibrary">
<doc>Waits until the element ``locator`` is visible.</doc>
<arguments>
<arg>${ERP_SelectedFunction}</arg>
<arg>5</arg>
</arguments>
<status status="PASS" starttime="20211214 23:40:50.553" endtime="20211214 23:40:50.566"></status>
</kw>
<kw name="Click Element" library="SeleniumLibrary">
<doc>Click the element identified by ``locator``.</doc>
<arguments>
<arg>${ERP_SelectedFunction}</arg>
</arguments>
<msg timestamp="20211214 23:40:50.567" level="INFO">Clicking element '//*[@id="menu202400"]'.</msg>
<status status="PASS" starttime="20211214 23:40:50.567" endtime="20211214 23:40:50.596"></status>
</kw>
<status status="PASS" starttime="20211214 23:40:50.553" endtime="20211214 23:40:50.596"></status>
</kw>
<kw name="Verify Page" library="ERP_Global_Keywords">
<arguments>
<arg>${PriceTagStatus}</arg>
</arguments>
<kw name="Wait Until Element Is Visible" library="SeleniumLibrary">
<doc>Waits until the element ``locator`` is visible.</doc>
<arguments>
<arg>${nav_hint}</arg>
<arg>5</arg>
</arguments>
<status status="PASS" starttime="20211214 23:40:50.597" endtime="20211214 23:40:50.610"></status>
</kw>
<kw name="Element Should Contain" library="SeleniumLibrary">
<doc>Verifies that element ``locator`` contains text ``expected``.</doc>
<arguments>
<arg>${nav_hint}</arg>
<arg>${Page}</arg>
</arguments>
<msg timestamp="20211214 23:40:50.622" level="INFO">Element '//*[@id="nav_hint"]' contains text '/ItemPlace/Index'.</msg>
<status status="PASS" starttime="20211214 23:40:50.610" endtime="20211214 23:40:50.622"></status>
</kw>
<status status="PASS" starttime="20211214 23:40:50.596" endtime="20211214 23:40:50.622"></status>
</kw>
<kw name="Close Browser" library="SeleniumLibrary">
<doc>Closes the current browser.</doc>
<status status="PASS" starttime="20211214 23:40:50.623" endtime="20211214 23:40:52.674"></status>
</kw>
<status status="PASS" starttime="20211214 23:40:29.909" endtime="20211214 23:40:52.674" critical="yes"></status>
</test>
<status status="PASS" starttime="20211214 23:39:54.260" endtime="20211214 23:40:52.675"></status>
</suite>
<status status="PASS" starttime="20211214 23:39:54.259" endtime="20211214 23:40:52.676"></status>
</suite>
<status status="FAIL" starttime="20211214 23:38:52.563" endtime="20211214 23:40:52.677"></status>
</suite>
<statistics>
<total>
<stat pass="3" fail="1">Critical Tests</stat>
<stat pass="3" fail="1">All Tests</stat>
</total>
<tag>
</tag>
<suite>
<stat pass="3" fail="1" id="s1" name="ERP-001">ERP-001</stat>
<stat pass="1" fail="1" id="s1-s1" name="ERP Employee">ERP-001.ERP Employee</stat>
<stat pass="1" fail="1" id="s1-s1-s1" name="ERP Employee">ERP-001.ERP Employee.ERP Employee</stat>
<stat pass="2" fail="0" id="s1-s2" name="ERP ProductManage">ERP-001.ERP ProductManage</stat>
<stat pass="2" fail="0" id="s1-s2-s1" name="ERP ProductManage">ERP-001.ERP ProductManage.ERP ProductManage</stat>
</suite>
</statistics>
<errors>
</errors>
</robot>
